Arguments: 
  /Users/spypsy/.nvm/versions/node/v16.15.1/bin/node /Users/spypsy/.node/corepack/yarn/1.22.15/bin/yarn.js init

PATH: 
  /usr/local/opt/openssl@1.1/bin:/Users/spypsy/Dev/solana/solana-1.8.5/bin:/Users/spypsy/.nvm/versions/node/v16.15.1/bin:/Users/spypsy/.local/share/solana/install/active_release/bin:/opt/homebrew/bin:/opt/homebrew/sbin:/usr/local/bin:/usr/bin:/bin:/usr/sbin:/sbin:/usr/local/MacGPG2/bin:/Library/Apple/usr/bin:/Users/spypsy/.cargo/bin

Yarn version: 
  1.22.15

Node version: 
  16.15.1

Platform: 
  darwin arm64

Trace: 
  Error: canceled
      at Interface.<anonymous> (/Users/spypsy/.node/corepack/yarn/1.22.15/lib/cli.js:137145:13)
      at Interface.emit (node:events:527:28)
      at Interface._ttyWrite (node:readline:1081:16)
      at ReadStream.onkeypress (node:readline:288:10)
      at ReadStream.emit (node:events:527:28)
      at emitKeys (node:internal/readline/utils:358:14)
      at emitKeys.next (<anonymous>)
      at ReadStream.onData (node:internal/readline/emitKeypressEvents:61:36)
      at ReadStream.emit (node:events:527:28)
      at addChunk (node:internal/streams/readable:315:12)

npm manifest: 
  No manifest

yarn manifest: 
  No manifest

Lockfile: 
  No lockfile
